<?xml version="1.0" encoding="UTF-8"?>
<!-- Generated by org.testng.reporters.JUnitXMLReporter -->
<testsuite ignored="0" hostname="DESKTOP-6EJMFVQ" failures="0" tests="6" name="Default test" time="13.003" errors="0" timestamp="2024-05-06T15:11:16 IST">
  <testcase classname="api.test.DDTests" name="testPostuser" time="4.541"/>
  <testcase classname="api.test.DDTests" name="testPostuser" time="1.153"/>
  <testcase classname="api.test.DDTests" name="testPostuser" time="1.133"/>
  <testcase classname="api.test.DDTests" name="testDeleteUserByName" time="1.202"/>
  <testcase classname="api.test.DDTests" name="testDeleteUserByName" time="1.142"/>
  <testcase classname="api.test.DDTests" name="testDeleteUserByName" time="1.142"/>
</testsuite> <!-- Default test -->
