<?xml version="1.0" encoding="UTF-8"?>
<testng-results ignored="0" total="4" passed="4" failed="0" skipped="0">
  <reporter-output>
  </reporter-output>
  <suite started-at="2024-05-07T12:52:50 IST" name="Suite" finished-at="2024-05-07T12:53:03 IST" duration-ms="13470">
    <groups>
    </groups>
    <test started-at="2024-05-07T12:52:50 IST" name="Test" finished-at="2024-05-07T12:53:03 IST" duration-ms="13470">
      <class name="api.test.UserTests2">
        <test-method is-config="true" signature="setUpData()[pri:0, instance:api.test.UserTests2@15bb5034]" started-at="2024-05-07T12:52:51 IST" name="setUpData" finished-at="2024-05-07T12:52:53 IST" duration-ms="2115" status="PASS">
          <reporter-output>
          </reporter-output>
        </test-method> <!-- setUpData -->
        <test-method signature="testPostUser()[pri:1, instance:api.test.UserTests2@15bb5034]" started-at="2024-05-07T12:52:53 IST" name="testPostUser" finished-at="2024-05-07T12:52:57 IST" duration-ms="4268" status="PASS">
          <reporter-output>
          </reporter-output>
        </test-method> <!-- testPostUser -->
        <test-method signature="testGetUserByName()[pri:2, instance:api.test.UserTests2@15bb5034]" started-at="2024-05-07T12:52:57 IST" name="testGetUserByName" finished-at="2024-05-07T12:52:59 IST" duration-ms="1538" status="PASS">
          <reporter-output>
          </reporter-output>
        </test-method> <!-- testGetUserByName -->
        <test-method signature="testUpdateUserByName()[pri:3, instance:api.test.UserTests2@15bb5034]" started-at="2024-05-07T12:52:59 IST" name="testUpdateUserByName" finished-at="2024-05-07T12:53:02 IST" duration-ms="3032" status="PASS">
          <reporter-output>
          </reporter-output>
        </test-method> <!-- testUpdateUserByName -->
        <test-method signature="testDeleteUserByName()[pri:4, instance:api.test.UserTests2@15bb5034]" started-at="2024-05-07T12:53:02 IST" name="testDeleteUserByName" finished-at="2024-05-07T12:53:03 IST" duration-ms="1525" status="PASS">
          <reporter-output>
          </reporter-output>
        </test-method> <!-- testDeleteUserByName -->
      </class> <!-- api.test.UserTests2 -->
    </test> <!-- Test -->
  </suite> <!-- Suite -->
</testng-results>
